<?xml version="1.0" encoding="UTF-8"?>
<!-- Generated by org.testng.reporters.JUnitReportReporter -->
<testsuite skipped="0" hostname="DESKTOP-HTATGBA" name="wizeline_google.GoogleSearch" tests="1" failures="0" timestamp="30 nov 2018 21:05:45 GMT" time="1.957" errors="0">
  <testcase name="search" time="1.957" classname="wizeline_google.GoogleSearch"/>
</testsuite> <!-- wizeline_google.GoogleSearch -->
